[2024-03-13T14:57:30.927+0000] {processor.py:161} INFO - Started process (PID=30) to work on /opt/airflow/dags/adzuna_api.py
[2024-03-13T14:57:30.929+0000] {processor.py:830} INFO - Processing file /opt/airflow/dags/adzuna_api.py for tasks to queue
[2024-03-13T14:57:30.931+0000] {logging_mixin.py:188} INFO - [2024-03-13T14:57:30.931+0000] {dagbag.py:540} INFO - Filling up the DagBag from /opt/airflow/dags/adzuna_api.py
[2024-03-13T14:57:31.411+0000] {processor.py:840} INFO - DAG(s) 'scrape_adzuna_api' retrieved from /opt/airflow/dags/adzuna_api.py
[2024-03-13T14:57:31.507+0000] {logging_mixin.py:188} INFO - [2024-03-13T14:57:31.506+0000] {override.py:1769} INFO - Created Permission View: can edit on DAG:scrape_adzuna_api
[2024-03-13T14:57:31.513+0000] {logging_mixin.py:188} INFO - [2024-03-13T14:57:31.512+0000] {override.py:1769} INFO - Created Permission View: can delete on DAG:scrape_adzuna_api
[2024-03-13T14:57:31.516+0000] {logging_mixin.py:188} INFO - [2024-03-13T14:57:31.516+0000] {override.py:1769} INFO - Created Permission View: can read on DAG:scrape_adzuna_api
[2024-03-13T14:57:31.517+0000] {logging_mixin.py:188} INFO - [2024-03-13T14:57:31.517+0000] {dag.py:3047} INFO - Sync 1 DAGs
[2024-03-13T14:57:31.524+0000] {logging_mixin.py:188} INFO - [2024-03-13T14:57:31.524+0000] {dag.py:3069} INFO - Creating ORM DAG for scrape_adzuna_api
[2024-03-13T14:57:31.525+0000] {logging_mixin.py:188} INFO - [2024-03-13T14:57:31.525+0000] {dag.py:3834} INFO - Setting next_dagrun for scrape_adzuna_api to None, run_after=None
[2024-03-13T14:57:31.535+0000] {processor.py:183} INFO - Processing /opt/airflow/dags/adzuna_api.py took 0.618 seconds
[2024-03-13T14:58:01.918+0000] {processor.py:161} INFO - Started process (PID=40) to work on /opt/airflow/dags/adzuna_api.py
[2024-03-13T14:58:01.919+0000] {processor.py:830} INFO - Processing file /opt/airflow/dags/adzuna_api.py for tasks to queue
[2024-03-13T14:58:01.921+0000] {logging_mixin.py:188} INFO - [2024-03-13T14:58:01.921+0000] {dagbag.py:540} INFO - Filling up the DagBag from /opt/airflow/dags/adzuna_api.py
[2024-03-13T14:58:02.193+0000] {processor.py:840} INFO - DAG(s) 'scrape_adzuna_api' retrieved from /opt/airflow/dags/adzuna_api.py
[2024-03-13T14:58:02.204+0000] {logging_mixin.py:188} INFO - [2024-03-13T14:58:02.203+0000] {dag.py:3047} INFO - Sync 1 DAGs
[2024-03-13T14:58:02.209+0000] {logging_mixin.py:188} INFO - [2024-03-13T14:58:02.208+0000] {dag.py:3834} INFO - Setting next_dagrun for scrape_adzuna_api to None, run_after=None
[2024-03-13T14:58:02.217+0000] {processor.py:183} INFO - Processing /opt/airflow/dags/adzuna_api.py took 0.301 seconds
[2024-03-13T14:58:32.352+0000] {processor.py:161} INFO - Started process (PID=50) to work on /opt/airflow/dags/adzuna_api.py
[2024-03-13T14:58:32.353+0000] {processor.py:830} INFO - Processing file /opt/airflow/dags/adzuna_api.py for tasks to queue
[2024-03-13T14:58:32.355+0000] {logging_mixin.py:188} INFO - [2024-03-13T14:58:32.354+0000] {dagbag.py:540} INFO - Filling up the DagBag from /opt/airflow/dags/adzuna_api.py
[2024-03-13T14:58:32.675+0000] {processor.py:840} INFO - DAG(s) 'scrape_adzuna_api' retrieved from /opt/airflow/dags/adzuna_api.py
[2024-03-13T14:58:32.686+0000] {logging_mixin.py:188} INFO - [2024-03-13T14:58:32.686+0000] {dag.py:3047} INFO - Sync 1 DAGs
[2024-03-13T14:58:32.692+0000] {logging_mixin.py:188} INFO - [2024-03-13T14:58:32.692+0000] {dag.py:3834} INFO - Setting next_dagrun for scrape_adzuna_api to None, run_after=None
[2024-03-13T14:58:32.700+0000] {processor.py:183} INFO - Processing /opt/airflow/dags/adzuna_api.py took 0.350 seconds
[2024-03-13T14:59:03.119+0000] {processor.py:161} INFO - Started process (PID=61) to work on /opt/airflow/dags/adzuna_api.py
[2024-03-13T14:59:03.119+0000] {processor.py:830} INFO - Processing file /opt/airflow/dags/adzuna_api.py for tasks to queue
[2024-03-13T14:59:03.120+0000] {logging_mixin.py:188} INFO - [2024-03-13T14:59:03.120+0000] {dagbag.py:540} INFO - Filling up the DagBag from /opt/airflow/dags/adzuna_api.py
[2024-03-13T14:59:03.411+0000] {processor.py:840} INFO - DAG(s) 'scrape_adzuna_api' retrieved from /opt/airflow/dags/adzuna_api.py
[2024-03-13T14:59:03.425+0000] {logging_mixin.py:188} INFO - [2024-03-13T14:59:03.425+0000] {dag.py:3047} INFO - Sync 1 DAGs
[2024-03-13T14:59:03.432+0000] {logging_mixin.py:188} INFO - [2024-03-13T14:59:03.432+0000] {dag.py:3834} INFO - Setting next_dagrun for scrape_adzuna_api to None, run_after=None
[2024-03-13T14:59:03.443+0000] {processor.py:183} INFO - Processing /opt/airflow/dags/adzuna_api.py took 0.326 seconds
[2024-03-13T14:59:33.828+0000] {processor.py:161} INFO - Started process (PID=71) to work on /opt/airflow/dags/adzuna_api.py
[2024-03-13T14:59:33.829+0000] {processor.py:830} INFO - Processing file /opt/airflow/dags/adzuna_api.py for tasks to queue
[2024-03-13T14:59:33.830+0000] {logging_mixin.py:188} INFO - [2024-03-13T14:59:33.830+0000] {dagbag.py:540} INFO - Filling up the DagBag from /opt/airflow/dags/adzuna_api.py
[2024-03-13T14:59:34.118+0000] {processor.py:840} INFO - DAG(s) 'scrape_adzuna_api' retrieved from /opt/airflow/dags/adzuna_api.py
[2024-03-13T14:59:34.130+0000] {logging_mixin.py:188} INFO - [2024-03-13T14:59:34.130+0000] {dag.py:3047} INFO - Sync 1 DAGs
[2024-03-13T14:59:34.135+0000] {logging_mixin.py:188} INFO - [2024-03-13T14:59:34.135+0000] {dag.py:3834} INFO - Setting next_dagrun for scrape_adzuna_api to None, run_after=None
[2024-03-13T14:59:34.145+0000] {processor.py:183} INFO - Processing /opt/airflow/dags/adzuna_api.py took 0.319 seconds
[2024-03-13T14:59:53.110+0000] {processor.py:161} INFO - Started process (PID=75) to work on /opt/airflow/dags/adzuna_api.py
[2024-03-13T14:59:53.112+0000] {processor.py:830} INFO - Processing file /opt/airflow/dags/adzuna_api.py for tasks to queue
[2024-03-13T14:59:53.115+0000] {logging_mixin.py:188} INFO - [2024-03-13T14:59:53.114+0000] {dagbag.py:540} INFO - Filling up the DagBag from /opt/airflow/dags/adzuna_api.py
[2024-03-13T14:59:53.401+0000] {processor.py:840} INFO - DAG(s) 'scrape_adzuna_api' retrieved from /opt/airflow/dags/adzuna_api.py
[2024-03-13T14:59:53.412+0000] {logging_mixin.py:188} INFO - [2024-03-13T14:59:53.412+0000] {dag.py:3047} INFO - Sync 1 DAGs
[2024-03-13T14:59:53.417+0000] {logging_mixin.py:188} INFO - [2024-03-13T14:59:53.417+0000] {dag.py:3834} INFO - Setting next_dagrun for scrape_adzuna_api to None, run_after=None
[2024-03-13T14:59:53.425+0000] {processor.py:183} INFO - Processing /opt/airflow/dags/adzuna_api.py took 0.321 seconds
[2024-03-13T15:00:23.823+0000] {processor.py:161} INFO - Started process (PID=84) to work on /opt/airflow/dags/adzuna_api.py
[2024-03-13T15:00:23.824+0000] {processor.py:830} INFO - Processing file /opt/airflow/dags/adzuna_api.py for tasks to queue
[2024-03-13T15:00:23.826+0000] {logging_mixin.py:188} INFO - [2024-03-13T15:00:23.826+0000] {dagbag.py:540} INFO - Filling up the DagBag from /opt/airflow/dags/adzuna_api.py
[2024-03-13T15:00:24.094+0000] {processor.py:840} INFO - DAG(s) 'scrape_adzuna_api' retrieved from /opt/airflow/dags/adzuna_api.py
[2024-03-13T15:00:24.104+0000] {logging_mixin.py:188} INFO - [2024-03-13T15:00:24.104+0000] {dag.py:3047} INFO - Sync 1 DAGs
[2024-03-13T15:00:24.110+0000] {logging_mixin.py:188} INFO - [2024-03-13T15:00:24.110+0000] {dag.py:3834} INFO - Setting next_dagrun for scrape_adzuna_api to None, run_after=None
[2024-03-13T15:00:24.118+0000] {processor.py:183} INFO - Processing /opt/airflow/dags/adzuna_api.py took 0.300 seconds
[2024-03-13T15:00:36.273+0000] {processor.py:161} INFO - Started process (PID=93) to work on /opt/airflow/dags/adzuna_api.py
[2024-03-13T15:00:36.273+0000] {processor.py:830} INFO - Processing file /opt/airflow/dags/adzuna_api.py for tasks to queue
[2024-03-13T15:00:36.274+0000] {logging_mixin.py:188} INFO - [2024-03-13T15:00:36.274+0000] {dagbag.py:540} INFO - Filling up the DagBag from /opt/airflow/dags/adzuna_api.py
[2024-03-13T15:00:36.553+0000] {processor.py:840} INFO - DAG(s) 'scrape_adzuna_api' retrieved from /opt/airflow/dags/adzuna_api.py
[2024-03-13T15:00:36.564+0000] {logging_mixin.py:188} INFO - [2024-03-13T15:00:36.564+0000] {dag.py:3047} INFO - Sync 1 DAGs
[2024-03-13T15:00:36.570+0000] {logging_mixin.py:188} INFO - [2024-03-13T15:00:36.570+0000] {dag.py:3834} INFO - Setting next_dagrun for scrape_adzuna_api to None, run_after=None
[2024-03-13T15:00:36.580+0000] {processor.py:183} INFO - Processing /opt/airflow/dags/adzuna_api.py took 0.309 seconds
[2024-03-13T15:01:06.935+0000] {processor.py:161} INFO - Started process (PID=103) to work on /opt/airflow/dags/adzuna_api.py
[2024-03-13T15:01:06.936+0000] {processor.py:830} INFO - Processing file /opt/airflow/dags/adzuna_api.py for tasks to queue
[2024-03-13T15:01:06.938+0000] {logging_mixin.py:188} INFO - [2024-03-13T15:01:06.938+0000] {dagbag.py:540} INFO - Filling up the DagBag from /opt/airflow/dags/adzuna_api.py
[2024-03-13T15:01:07.215+0000] {processor.py:840} INFO - DAG(s) 'scrape_adzuna_api' retrieved from /opt/airflow/dags/adzuna_api.py
[2024-03-13T15:01:07.225+0000] {logging_mixin.py:188} INFO - [2024-03-13T15:01:07.225+0000] {dag.py:3047} INFO - Sync 1 DAGs
[2024-03-13T15:01:07.230+0000] {logging_mixin.py:188} INFO - [2024-03-13T15:01:07.230+0000] {dag.py:3834} INFO - Setting next_dagrun for scrape_adzuna_api to None, run_after=None
[2024-03-13T15:01:07.238+0000] {processor.py:183} INFO - Processing /opt/airflow/dags/adzuna_api.py took 0.306 seconds
[2024-03-13T15:01:37.638+0000] {processor.py:161} INFO - Started process (PID=113) to work on /opt/airflow/dags/adzuna_api.py
[2024-03-13T15:01:37.640+0000] {processor.py:830} INFO - Processing file /opt/airflow/dags/adzuna_api.py for tasks to queue
[2024-03-13T15:01:37.642+0000] {logging_mixin.py:188} INFO - [2024-03-13T15:01:37.642+0000] {dagbag.py:540} INFO - Filling up the DagBag from /opt/airflow/dags/adzuna_api.py
[2024-03-13T15:01:37.920+0000] {processor.py:840} INFO - DAG(s) 'scrape_adzuna_api' retrieved from /opt/airflow/dags/adzuna_api.py
[2024-03-13T15:01:37.931+0000] {logging_mixin.py:188} INFO - [2024-03-13T15:01:37.931+0000] {dag.py:3047} INFO - Sync 1 DAGs
[2024-03-13T15:01:37.936+0000] {logging_mixin.py:188} INFO - [2024-03-13T15:01:37.936+0000] {dag.py:3834} INFO - Setting next_dagrun for scrape_adzuna_api to None, run_after=None
[2024-03-13T15:01:37.944+0000] {processor.py:183} INFO - Processing /opt/airflow/dags/adzuna_api.py took 0.311 seconds
[2024-03-13T15:02:08.306+0000] {processor.py:161} INFO - Started process (PID=123) to work on /opt/airflow/dags/adzuna_api.py
[2024-03-13T15:02:08.307+0000] {processor.py:830} INFO - Processing file /opt/airflow/dags/adzuna_api.py for tasks to queue
[2024-03-13T15:02:08.309+0000] {logging_mixin.py:188} INFO - [2024-03-13T15:02:08.309+0000] {dagbag.py:540} INFO - Filling up the DagBag from /opt/airflow/dags/adzuna_api.py
[2024-03-13T15:02:08.571+0000] {processor.py:840} INFO - DAG(s) 'scrape_adzuna_api' retrieved from /opt/airflow/dags/adzuna_api.py
[2024-03-13T15:02:08.581+0000] {logging_mixin.py:188} INFO - [2024-03-13T15:02:08.581+0000] {dag.py:3047} INFO - Sync 1 DAGs
[2024-03-13T15:02:08.585+0000] {logging_mixin.py:188} INFO - [2024-03-13T15:02:08.585+0000] {dag.py:3834} INFO - Setting next_dagrun for scrape_adzuna_api to None, run_after=None
[2024-03-13T15:02:08.593+0000] {processor.py:183} INFO - Processing /opt/airflow/dags/adzuna_api.py took 0.292 seconds
[2024-03-13T15:02:38.942+0000] {processor.py:161} INFO - Started process (PID=133) to work on /opt/airflow/dags/adzuna_api.py
[2024-03-13T15:02:38.943+0000] {processor.py:830} INFO - Processing file /opt/airflow/dags/adzuna_api.py for tasks to queue
[2024-03-13T15:02:38.944+0000] {logging_mixin.py:188} INFO - [2024-03-13T15:02:38.944+0000] {dagbag.py:540} INFO - Filling up the DagBag from /opt/airflow/dags/adzuna_api.py
[2024-03-13T15:02:39.215+0000] {processor.py:840} INFO - DAG(s) 'scrape_adzuna_api' retrieved from /opt/airflow/dags/adzuna_api.py
[2024-03-13T15:02:39.225+0000] {logging_mixin.py:188} INFO - [2024-03-13T15:02:39.225+0000] {dag.py:3047} INFO - Sync 1 DAGs
[2024-03-13T15:02:39.229+0000] {logging_mixin.py:188} INFO - [2024-03-13T15:02:39.229+0000] {dag.py:3834} INFO - Setting next_dagrun for scrape_adzuna_api to None, run_after=None
[2024-03-13T15:02:39.237+0000] {processor.py:183} INFO - Processing /opt/airflow/dags/adzuna_api.py took 0.298 seconds
[2024-03-13T15:02:57.204+0000] {processor.py:161} INFO - Started process (PID=141) to work on /opt/airflow/dags/adzuna_api.py
[2024-03-13T15:02:57.205+0000] {processor.py:830} INFO - Processing file /opt/airflow/dags/adzuna_api.py for tasks to queue
[2024-03-13T15:02:57.206+0000] {logging_mixin.py:188} INFO - [2024-03-13T15:02:57.206+0000] {dagbag.py:540} INFO - Filling up the DagBag from /opt/airflow/dags/adzuna_api.py
[2024-03-13T15:02:57.211+0000] {logging_mixin.py:188} INFO - [2024-03-13T15:02:57.209+0000] {dagbag.py:350} ERROR - Failed to import: /opt/airflow/dags/adzuna_api.py
Traceback (most recent call last):
  File "/home/airflow/.local/lib/python3.9/site-packages/airflow/models/dagbag.py", line 346, in parse
    loader.exec_module(new_module)
  File "<frozen importlib._bootstrap_external>", line 846, in exec_module
  File "<frozen importlib._bootstrap_external>", line 983, in get_code
  File "<frozen importlib._bootstrap_external>", line 913, in source_to_code
  File "<frozen importlib._bootstrap>", line 228, in _call_with_frames_removed
  File "/opt/airflow/dags/adzuna_api.py", line 38
    url2 = 'https://api.adzuna.com/v1/api/jobs/sg/search/8?app_id=f71b8ea3&app_key=8bd547e209d7c487903c9431adc44162&results_per_page=50&what=data' # 50 jobs
    ^
IndentationError: expected an indented block
[2024-03-13T15:02:57.211+0000] {processor.py:842} WARNING - No viable dags retrieved from /opt/airflow/dags/adzuna_api.py
[2024-03-13T15:02:57.225+0000] {processor.py:183} INFO - Processing /opt/airflow/dags/adzuna_api.py took 0.025 seconds
[2024-03-13T15:03:48.426+0000] {processor.py:161} INFO - Started process (PID=30) to work on /opt/airflow/dags/adzuna_api.py
[2024-03-13T15:03:48.427+0000] {processor.py:830} INFO - Processing file /opt/airflow/dags/adzuna_api.py for tasks to queue
[2024-03-13T15:03:48.429+0000] {logging_mixin.py:188} INFO - [2024-03-13T15:03:48.428+0000] {dagbag.py:540} INFO - Filling up the DagBag from /opt/airflow/dags/adzuna_api.py
[2024-03-13T15:03:48.431+0000] {logging_mixin.py:188} INFO - [2024-03-13T15:03:48.431+0000] {dagbag.py:350} ERROR - Failed to import: /opt/airflow/dags/adzuna_api.py
Traceback (most recent call last):
  File "/home/airflow/.local/lib/python3.9/site-packages/airflow/models/dagbag.py", line 346, in parse
    loader.exec_module(new_module)
  File "<frozen importlib._bootstrap_external>", line 846, in exec_module
  File "<frozen importlib._bootstrap_external>", line 983, in get_code
  File "<frozen importlib._bootstrap_external>", line 913, in source_to_code
  File "<frozen importlib._bootstrap>", line 228, in _call_with_frames_removed
  File "/opt/airflow/dags/adzuna_api.py", line 38
    url2 = 'https://api.adzuna.com/v1/api/jobs/sg/search/8?app_id=f71b8ea3&app_key=8bd547e209d7c487903c9431adc44162&results_per_page=50&what=data' # 50 jobs
    ^
IndentationError: expected an indented block
[2024-03-13T15:03:48.432+0000] {processor.py:842} WARNING - No viable dags retrieved from /opt/airflow/dags/adzuna_api.py
[2024-03-13T15:03:48.446+0000] {processor.py:183} INFO - Processing /opt/airflow/dags/adzuna_api.py took 0.025 seconds
[2024-03-13T15:04:18.724+0000] {processor.py:161} INFO - Started process (PID=39) to work on /opt/airflow/dags/adzuna_api.py
[2024-03-13T15:04:18.725+0000] {processor.py:830} INFO - Processing file /opt/airflow/dags/adzuna_api.py for tasks to queue
[2024-03-13T15:04:18.727+0000] {logging_mixin.py:188} INFO - [2024-03-13T15:04:18.727+0000] {dagbag.py:540} INFO - Filling up the DagBag from /opt/airflow/dags/adzuna_api.py
[2024-03-13T15:04:18.731+0000] {logging_mixin.py:188} INFO - [2024-03-13T15:04:18.731+0000] {dagbag.py:350} ERROR - Failed to import: /opt/airflow/dags/adzuna_api.py
Traceback (most recent call last):
  File "/home/airflow/.local/lib/python3.9/site-packages/airflow/models/dagbag.py", line 346, in parse
    loader.exec_module(new_module)
  File "<frozen importlib._bootstrap_external>", line 846, in exec_module
  File "<frozen importlib._bootstrap_external>", line 983, in get_code
  File "<frozen importlib._bootstrap_external>", line 913, in source_to_code
  File "<frozen importlib._bootstrap>", line 228, in _call_with_frames_removed
  File "/opt/airflow/dags/adzuna_api.py", line 38
    url2 = 'https://api.adzuna.com/v1/api/jobs/sg/search/8?app_id=f71b8ea3&app_key=8bd547e209d7c487903c9431adc44162&results_per_page=50&what=data' # 50 jobs
    ^
IndentationError: expected an indented block
[2024-03-13T15:04:18.732+0000] {processor.py:842} WARNING - No viable dags retrieved from /opt/airflow/dags/adzuna_api.py
[2024-03-13T15:04:18.744+0000] {processor.py:183} INFO - Processing /opt/airflow/dags/adzuna_api.py took 0.022 seconds
[2024-03-13T15:04:35.953+0000] {processor.py:161} INFO - Started process (PID=42) to work on /opt/airflow/dags/adzuna_api.py
[2024-03-13T15:04:35.955+0000] {processor.py:830} INFO - Processing file /opt/airflow/dags/adzuna_api.py for tasks to queue
[2024-03-13T15:04:35.957+0000] {logging_mixin.py:188} INFO - [2024-03-13T15:04:35.957+0000] {dagbag.py:540} INFO - Filling up the DagBag from /opt/airflow/dags/adzuna_api.py
[2024-03-13T15:04:35.965+0000] {logging_mixin.py:188} INFO - [2024-03-13T15:04:35.964+0000] {dagbag.py:350} ERROR - Failed to import: /opt/airflow/dags/adzuna_api.py
Traceback (most recent call last):
  File "/home/airflow/.local/lib/python3.9/site-packages/airflow/models/dagbag.py", line 346, in parse
    loader.exec_module(new_module)
  File "<frozen importlib._bootstrap_external>", line 846, in exec_module
  File "<frozen importlib._bootstrap_external>", line 983, in get_code
  File "<frozen importlib._bootstrap_external>", line 913, in source_to_code
  File "<frozen importlib._bootstrap>", line 228, in _call_with_frames_removed
  File "/opt/airflow/dags/adzuna_api.py", line 38
    url2 = 'https://api.adzuna.com/v1/api/jobs/sg/search/8?app_id=f71b8ea3&app_key=8bd547e209d7c487903c9431adc44162&results_per_page=50&what=data' # 50 jobs
    ^
IndentationError: expected an indented block
[2024-03-13T15:04:35.965+0000] {processor.py:842} WARNING - No viable dags retrieved from /opt/airflow/dags/adzuna_api.py
[2024-03-13T15:04:35.989+0000] {processor.py:183} INFO - Processing /opt/airflow/dags/adzuna_api.py took 0.041 seconds
[2024-03-13T15:05:17.977+0000] {processor.py:161} INFO - Started process (PID=30) to work on /opt/airflow/dags/adzuna_api.py
[2024-03-13T15:05:17.978+0000] {processor.py:830} INFO - Processing file /opt/airflow/dags/adzuna_api.py for tasks to queue
[2024-03-13T15:05:17.979+0000] {logging_mixin.py:188} INFO - [2024-03-13T15:05:17.979+0000] {dagbag.py:540} INFO - Filling up the DagBag from /opt/airflow/dags/adzuna_api.py
[2024-03-13T15:05:17.982+0000] {logging_mixin.py:188} INFO - [2024-03-13T15:05:17.982+0000] {dagbag.py:350} ERROR - Failed to import: /opt/airflow/dags/adzuna_api.py
Traceback (most recent call last):
  File "/home/airflow/.local/lib/python3.9/site-packages/airflow/models/dagbag.py", line 346, in parse
    loader.exec_module(new_module)
  File "<frozen importlib._bootstrap_external>", line 846, in exec_module
  File "<frozen importlib._bootstrap_external>", line 983, in get_code
  File "<frozen importlib._bootstrap_external>", line 913, in source_to_code
  File "<frozen importlib._bootstrap>", line 228, in _call_with_frames_removed
  File "/opt/airflow/dags/adzuna_api.py", line 38
    url2 = 'https://api.adzuna.com/v1/api/jobs/sg/search/8?app_id=f71b8ea3&app_key=8bd547e209d7c487903c9431adc44162&results_per_page=50&what=data' # 50 jobs
    ^
IndentationError: expected an indented block
[2024-03-13T15:05:17.983+0000] {processor.py:842} WARNING - No viable dags retrieved from /opt/airflow/dags/adzuna_api.py
[2024-03-13T15:05:17.996+0000] {processor.py:183} INFO - Processing /opt/airflow/dags/adzuna_api.py took 0.022 seconds
[2024-03-13T15:05:48.294+0000] {processor.py:161} INFO - Started process (PID=39) to work on /opt/airflow/dags/adzuna_api.py
[2024-03-13T15:05:48.294+0000] {processor.py:830} INFO - Processing file /opt/airflow/dags/adzuna_api.py for tasks to queue
[2024-03-13T15:05:48.296+0000] {logging_mixin.py:188} INFO - [2024-03-13T15:05:48.296+0000] {dagbag.py:540} INFO - Filling up the DagBag from /opt/airflow/dags/adzuna_api.py
[2024-03-13T15:05:48.300+0000] {logging_mixin.py:188} INFO - [2024-03-13T15:05:48.299+0000] {dagbag.py:350} ERROR - Failed to import: /opt/airflow/dags/adzuna_api.py
Traceback (most recent call last):
  File "/home/airflow/.local/lib/python3.9/site-packages/airflow/models/dagbag.py", line 346, in parse
    loader.exec_module(new_module)
  File "<frozen importlib._bootstrap_external>", line 846, in exec_module
  File "<frozen importlib._bootstrap_external>", line 983, in get_code
  File "<frozen importlib._bootstrap_external>", line 913, in source_to_code
  File "<frozen importlib._bootstrap>", line 228, in _call_with_frames_removed
  File "/opt/airflow/dags/adzuna_api.py", line 38
    url2 = 'https://api.adzuna.com/v1/api/jobs/sg/search/8?app_id=f71b8ea3&app_key=8bd547e209d7c487903c9431adc44162&results_per_page=50&what=data' # 50 jobs
    ^
IndentationError: expected an indented block
[2024-03-13T15:05:48.300+0000] {processor.py:842} WARNING - No viable dags retrieved from /opt/airflow/dags/adzuna_api.py
[2024-03-13T15:05:48.311+0000] {processor.py:183} INFO - Processing /opt/airflow/dags/adzuna_api.py took 0.019 seconds
[2024-03-13T15:06:18.646+0000] {processor.py:161} INFO - Started process (PID=48) to work on /opt/airflow/dags/adzuna_api.py
[2024-03-13T15:06:18.647+0000] {processor.py:830} INFO - Processing file /opt/airflow/dags/adzuna_api.py for tasks to queue
[2024-03-13T15:06:18.648+0000] {logging_mixin.py:188} INFO - [2024-03-13T15:06:18.648+0000] {dagbag.py:540} INFO - Filling up the DagBag from /opt/airflow/dags/adzuna_api.py
[2024-03-13T15:06:18.655+0000] {logging_mixin.py:188} INFO - [2024-03-13T15:06:18.654+0000] {dagbag.py:350} ERROR - Failed to import: /opt/airflow/dags/adzuna_api.py
Traceback (most recent call last):
  File "/home/airflow/.local/lib/python3.9/site-packages/airflow/models/dagbag.py", line 346, in parse
    loader.exec_module(new_module)
  File "<frozen importlib._bootstrap_external>", line 846, in exec_module
  File "<frozen importlib._bootstrap_external>", line 983, in get_code
  File "<frozen importlib._bootstrap_external>", line 913, in source_to_code
  File "<frozen importlib._bootstrap>", line 228, in _call_with_frames_removed
  File "/opt/airflow/dags/adzuna_api.py", line 38
    url2 = 'https://api.adzuna.com/v1/api/jobs/sg/search/8?app_id=f71b8ea3&app_key=8bd547e209d7c487903c9431adc44162&results_per_page=50&what=data' # 50 jobs
    ^
IndentationError: expected an indented block
[2024-03-13T15:06:18.655+0000] {processor.py:842} WARNING - No viable dags retrieved from /opt/airflow/dags/adzuna_api.py
[2024-03-13T15:06:18.677+0000] {processor.py:183} INFO - Processing /opt/airflow/dags/adzuna_api.py took 0.037 seconds
[2024-03-13T15:06:28.793+0000] {processor.py:161} INFO - Started process (PID=51) to work on /opt/airflow/dags/adzuna_api.py
[2024-03-13T15:06:28.795+0000] {processor.py:830} INFO - Processing file /opt/airflow/dags/adzuna_api.py for tasks to queue
[2024-03-13T15:06:28.796+0000] {logging_mixin.py:188} INFO - [2024-03-13T15:06:28.796+0000] {dagbag.py:540} INFO - Filling up the DagBag from /opt/airflow/dags/adzuna_api.py
[2024-03-13T15:06:29.090+0000] {processor.py:840} INFO - DAG(s) 'scrape_adzuna_api' retrieved from /opt/airflow/dags/adzuna_api.py
[2024-03-13T15:06:29.134+0000] {logging_mixin.py:188} INFO - [2024-03-13T15:06:29.133+0000] {dag.py:3047} INFO - Sync 1 DAGs
[2024-03-13T15:06:29.138+0000] {logging_mixin.py:188} INFO - [2024-03-13T15:06:29.138+0000] {dag.py:3834} INFO - Setting next_dagrun for scrape_adzuna_api to None, run_after=None
[2024-03-13T15:06:29.146+0000] {processor.py:183} INFO - Processing /opt/airflow/dags/adzuna_api.py took 0.357 seconds
[2024-03-13T15:07:10.701+0000] {processor.py:161} INFO - Started process (PID=30) to work on /opt/airflow/dags/adzuna_api.py
[2024-03-13T15:07:10.703+0000] {processor.py:830} INFO - Processing file /opt/airflow/dags/adzuna_api.py for tasks to queue
[2024-03-13T15:07:10.704+0000] {logging_mixin.py:188} INFO - [2024-03-13T15:07:10.704+0000] {dagbag.py:540} INFO - Filling up the DagBag from /opt/airflow/dags/adzuna_api.py
[2024-03-13T15:07:11.045+0000] {processor.py:840} INFO - DAG(s) 'scrape_adzuna_api' retrieved from /opt/airflow/dags/adzuna_api.py
[2024-03-13T15:07:11.109+0000] {logging_mixin.py:188} INFO - [2024-03-13T15:07:11.108+0000] {dag.py:3047} INFO - Sync 1 DAGs
[2024-03-13T15:07:11.116+0000] {logging_mixin.py:188} INFO - [2024-03-13T15:07:11.116+0000] {dag.py:3834} INFO - Setting next_dagrun for scrape_adzuna_api to None, run_after=None
[2024-03-13T15:07:11.141+0000] {processor.py:183} INFO - Processing /opt/airflow/dags/adzuna_api.py took 0.442 seconds
[2024-03-13T15:07:41.485+0000] {processor.py:161} INFO - Started process (PID=40) to work on /opt/airflow/dags/adzuna_api.py
[2024-03-13T15:07:41.488+0000] {processor.py:830} INFO - Processing file /opt/airflow/dags/adzuna_api.py for tasks to queue
[2024-03-13T15:07:41.491+0000] {logging_mixin.py:188} INFO - [2024-03-13T15:07:41.490+0000] {dagbag.py:540} INFO - Filling up the DagBag from /opt/airflow/dags/adzuna_api.py
[2024-03-13T15:07:41.816+0000] {processor.py:840} INFO - DAG(s) 'scrape_adzuna_api' retrieved from /opt/airflow/dags/adzuna_api.py
[2024-03-13T15:07:41.827+0000] {logging_mixin.py:188} INFO - [2024-03-13T15:07:41.827+0000] {dag.py:3047} INFO - Sync 1 DAGs
[2024-03-13T15:07:41.832+0000] {logging_mixin.py:188} INFO - [2024-03-13T15:07:41.832+0000] {dag.py:3834} INFO - Setting next_dagrun for scrape_adzuna_api to None, run_after=None
[2024-03-13T15:07:41.841+0000] {processor.py:183} INFO - Processing /opt/airflow/dags/adzuna_api.py took 0.361 seconds
[2024-03-13T15:08:12.147+0000] {processor.py:161} INFO - Started process (PID=50) to work on /opt/airflow/dags/adzuna_api.py
[2024-03-13T15:08:12.149+0000] {processor.py:830} INFO - Processing file /opt/airflow/dags/adzuna_api.py for tasks to queue
[2024-03-13T15:08:12.151+0000] {logging_mixin.py:188} INFO - [2024-03-13T15:08:12.151+0000] {dagbag.py:540} INFO - Filling up the DagBag from /opt/airflow/dags/adzuna_api.py
[2024-03-13T15:08:12.498+0000] {processor.py:840} INFO - DAG(s) 'scrape_adzuna_api' retrieved from /opt/airflow/dags/adzuna_api.py
[2024-03-13T15:08:12.510+0000] {logging_mixin.py:188} INFO - [2024-03-13T15:08:12.509+0000] {dag.py:3047} INFO - Sync 1 DAGs
[2024-03-13T15:08:12.515+0000] {logging_mixin.py:188} INFO - [2024-03-13T15:08:12.515+0000] {dag.py:3834} INFO - Setting next_dagrun for scrape_adzuna_api to None, run_after=None
[2024-03-13T15:08:12.523+0000] {processor.py:183} INFO - Processing /opt/airflow/dags/adzuna_api.py took 0.380 seconds
[2024-03-13T15:08:42.896+0000] {processor.py:161} INFO - Started process (PID=60) to work on /opt/airflow/dags/adzuna_api.py
[2024-03-13T15:08:42.898+0000] {processor.py:830} INFO - Processing file /opt/airflow/dags/adzuna_api.py for tasks to queue
[2024-03-13T15:08:42.899+0000] {logging_mixin.py:188} INFO - [2024-03-13T15:08:42.898+0000] {dagbag.py:540} INFO - Filling up the DagBag from /opt/airflow/dags/adzuna_api.py
[2024-03-13T15:08:43.173+0000] {processor.py:840} INFO - DAG(s) 'scrape_adzuna_api' retrieved from /opt/airflow/dags/adzuna_api.py
[2024-03-13T15:08:43.183+0000] {logging_mixin.py:188} INFO - [2024-03-13T15:08:43.183+0000] {dag.py:3047} INFO - Sync 1 DAGs
[2024-03-13T15:08:43.189+0000] {logging_mixin.py:188} INFO - [2024-03-13T15:08:43.189+0000] {dag.py:3834} INFO - Setting next_dagrun for scrape_adzuna_api to None, run_after=None
[2024-03-13T15:08:43.198+0000] {processor.py:183} INFO - Processing /opt/airflow/dags/adzuna_api.py took 0.305 seconds
[2024-03-13T15:09:13.599+0000] {processor.py:161} INFO - Started process (PID=70) to work on /opt/airflow/dags/adzuna_api.py
[2024-03-13T15:09:13.600+0000] {processor.py:830} INFO - Processing file /opt/airflow/dags/adzuna_api.py for tasks to queue
[2024-03-13T15:09:13.603+0000] {logging_mixin.py:188} INFO - [2024-03-13T15:09:13.602+0000] {dagbag.py:540} INFO - Filling up the DagBag from /opt/airflow/dags/adzuna_api.py
[2024-03-13T15:09:13.898+0000] {processor.py:840} INFO - DAG(s) 'scrape_adzuna_api' retrieved from /opt/airflow/dags/adzuna_api.py
[2024-03-13T15:09:13.909+0000] {logging_mixin.py:188} INFO - [2024-03-13T15:09:13.909+0000] {dag.py:3047} INFO - Sync 1 DAGs
[2024-03-13T15:09:13.914+0000] {logging_mixin.py:188} INFO - [2024-03-13T15:09:13.914+0000] {dag.py:3834} INFO - Setting next_dagrun for scrape_adzuna_api to None, run_after=None
[2024-03-13T15:09:13.922+0000] {processor.py:183} INFO - Processing /opt/airflow/dags/adzuna_api.py took 0.327 seconds
[2024-03-13T15:09:44.222+0000] {processor.py:161} INFO - Started process (PID=80) to work on /opt/airflow/dags/adzuna_api.py
[2024-03-13T15:09:44.224+0000] {processor.py:830} INFO - Processing file /opt/airflow/dags/adzuna_api.py for tasks to queue
[2024-03-13T15:09:44.227+0000] {logging_mixin.py:188} INFO - [2024-03-13T15:09:44.227+0000] {dagbag.py:540} INFO - Filling up the DagBag from /opt/airflow/dags/adzuna_api.py
[2024-03-13T15:09:44.543+0000] {processor.py:840} INFO - DAG(s) 'scrape_adzuna_api' retrieved from /opt/airflow/dags/adzuna_api.py
[2024-03-13T15:09:44.553+0000] {logging_mixin.py:188} INFO - [2024-03-13T15:09:44.552+0000] {dag.py:3047} INFO - Sync 1 DAGs
[2024-03-13T15:09:44.558+0000] {logging_mixin.py:188} INFO - [2024-03-13T15:09:44.558+0000] {dag.py:3834} INFO - Setting next_dagrun for scrape_adzuna_api to None, run_after=None
[2024-03-13T15:09:44.566+0000] {processor.py:183} INFO - Processing /opt/airflow/dags/adzuna_api.py took 0.349 seconds
[2024-03-13T15:10:10.816+0000] {processor.py:161} INFO - Started process (PID=90) to work on /opt/airflow/dags/adzuna_api.py
[2024-03-13T15:10:10.817+0000] {processor.py:830} INFO - Processing file /opt/airflow/dags/adzuna_api.py for tasks to queue
[2024-03-13T15:10:10.819+0000] {logging_mixin.py:188} INFO - [2024-03-13T15:10:10.818+0000] {dagbag.py:540} INFO - Filling up the DagBag from /opt/airflow/dags/adzuna_api.py
[2024-03-13T15:10:11.108+0000] {processor.py:840} INFO - DAG(s) 'scrape_adzuna_api' retrieved from /opt/airflow/dags/adzuna_api.py
[2024-03-13T15:10:11.120+0000] {logging_mixin.py:188} INFO - [2024-03-13T15:10:11.120+0000] {dag.py:3047} INFO - Sync 1 DAGs
[2024-03-13T15:10:11.125+0000] {logging_mixin.py:188} INFO - [2024-03-13T15:10:11.125+0000] {dag.py:3834} INFO - Setting next_dagrun for scrape_adzuna_api to None, run_after=None
[2024-03-13T15:10:11.134+0000] {processor.py:183} INFO - Processing /opt/airflow/dags/adzuna_api.py took 0.320 seconds
