[2024-03-13T14:58:22.795+0000] {taskinstance.py:1979} INFO - Dependencies all met for dep_context=non-requeueable deps ti=<TaskInstance: scrape_adzuna_api.adzuna_api manual__2024-03-13T14:57:42.661663+00:00 [queued]>
[2024-03-13T14:58:22.798+0000] {taskinstance.py:1979} INFO - Dependencies all met for dep_context=requeueable deps ti=<TaskInstance: scrape_adzuna_api.adzuna_api manual__2024-03-13T14:57:42.661663+00:00 [queued]>
[2024-03-13T14:58:22.799+0000] {taskinstance.py:2193} INFO - Starting attempt 4 of 4
[2024-03-13T14:58:22.804+0000] {taskinstance.py:2214} INFO - Executing <Task(_PythonDecoratedOperator): adzuna_api> on 2024-03-13 14:57:42.661663+00:00
[2024-03-13T14:58:22.806+0000] {standard_task_runner.py:60} INFO - Started process 66 to run task
[2024-03-13T14:58:22.808+0000] {standard_task_runner.py:87} INFO - Running: ['***', 'tasks', 'run', 'scrape_adzuna_api', 'adzuna_api', 'manual__2024-03-13T14:57:42.661663+00:00', '--job-id', '78', '--raw', '--subdir', 'DAGS_FOLDER/adzuna_api.py', '--cfg-path', '/tmp/tmpl0qyo2vt']
[2024-03-13T14:58:22.810+0000] {standard_task_runner.py:88} INFO - Job 78: Subtask adzuna_api
[2024-03-13T14:58:22.830+0000] {task_command.py:423} INFO - Running <TaskInstance: scrape_adzuna_api.adzuna_api manual__2024-03-13T14:57:42.661663+00:00 [running]> on host 61340238149e
[2024-03-13T14:58:22.860+0000] {taskinstance.py:2510} INFO - Exporting env vars: AIRFLOW_CTX_DAG_OWNER='***' AIRFLOW_CTX_DAG_ID='scrape_adzuna_api' AIRFLOW_CTX_TASK_ID='adzuna_api' AIRFLOW_CTX_EXECUTION_DATE='2024-03-13T14:57:42.661663+00:00' AIRFLOW_CTX_TRY_NUMBER='4' AIRFLOW_CTX_DAG_RUN_ID='manual__2024-03-13T14:57:42.661663+00:00'
[2024-03-13T14:58:24.860+0000] {taskinstance.py:2728} ERROR - Task failed with exception
Traceback (most recent call last):
  File "/home/airflow/.local/lib/python3.9/site-packages/airflow/models/taskinstance.py", line 444, in _execute_task
    result = _execute_callable(context=context, **execute_callable_kwargs)
  File "/home/airflow/.local/lib/python3.9/site-packages/airflow/models/taskinstance.py", line 414, in _execute_callable
    return execute_callable(context=context, **execute_callable_kwargs)
  File "/home/airflow/.local/lib/python3.9/site-packages/airflow/decorators/base.py", line 241, in execute
    return_value = super().execute(context)
  File "/home/airflow/.local/lib/python3.9/site-packages/airflow/operators/python.py", line 200, in execute
    return_value = self.execute_callable()
  File "/home/airflow/.local/lib/python3.9/site-packages/airflow/operators/python.py", line 217, in execute_callable
    return self.python_callable(*self.op_args, **self.op_kwargs)
  File "/opt/airflow/dags/adzuna_api.py", line 78, in adzuna_api
    job_df_2 = pd.DataFrame({
  File "/home/airflow/.local/lib/python3.9/site-packages/pandas/core/frame.py", line 767, in __init__
    mgr = dict_to_mgr(data, index, columns, dtype=dtype, copy=copy, typ=manager)
  File "/home/airflow/.local/lib/python3.9/site-packages/pandas/core/internals/construction.py", line 503, in dict_to_mgr
    return arrays_to_mgr(arrays, columns, index, dtype=dtype, typ=typ, consolidate=copy)
  File "/home/airflow/.local/lib/python3.9/site-packages/pandas/core/internals/construction.py", line 114, in arrays_to_mgr
    index = _extract_index(arrays)
  File "/home/airflow/.local/lib/python3.9/site-packages/pandas/core/internals/construction.py", line 677, in _extract_index
    raise ValueError("All arrays must be of the same length")
ValueError: All arrays must be of the same length
[2024-03-13T14:58:24.868+0000] {taskinstance.py:1149} INFO - Marking task as FAILED. dag_id=scrape_adzuna_api, task_id=adzuna_api, execution_date=20240313T145742, start_date=20240313T145822, end_date=20240313T145824
[2024-03-13T14:58:24.876+0000] {standard_task_runner.py:107} ERROR - Failed to execute job 78 for task adzuna_api (All arrays must be of the same length; 66)
[2024-03-13T14:58:24.880+0000] {local_task_job_runner.py:234} INFO - Task exited with return code 1
[2024-03-13T14:58:24.889+0000] {taskinstance.py:3309} INFO - 0 downstream tasks scheduled from follow-on schedule check
